<?xml version="1.0" encoding="UTF-8"?>
<!-- Generated by org.testng.reporters.JUnitReportReporter -->
<testsuite hostname="DESKTOP-EMG4JNJ" failures="0" tests="1" name="module1_Login_Test.sample1" time="12.290" errors="0" timestamp="2022-07-22T16:08:12 IST" skipped="0">
  <testcase classname="module1_Login_Test.sample1" name="openAmazon" time="12.290"/>
  <system-out/>
</testsuite> <!-- module1_Login_Test.sample1 -->
