<?xml version="1.0" encoding="UTF-8"?>
<!-- Generated by org.testng.reporters.JUnitReportReporter -->
<testsuite hostname="DESKTOP-EMG4JNJ" failures="0" tests="1" name="module1_Login_Test.openflipkart" time="7.665" errors="0" timestamp="2022-07-22T16:09:25 IST" skipped="0">
  <testcase classname="module1_Login_Test.openflipkart" name="openapp" time="7.665"/>
  <system-out/>
</testsuite> <!-- module1_Login_Test.openflipkart -->
