<?xml version="1.0" encoding="UTF-8"?>
<!-- Generated by org.testng.reporters.JUnitReportReporter -->
<testsuite hostname="DESKTOP-EMG4JNJ" failures="0" tests="1" name="module1_Login_Test.sample1" time="15.745" errors="0" timestamp="2022-07-22T11:09:52 IST" skipped="0">
  <testcase classname="module1_Login_Test.sample1" name="openAmazon" time="15.745"/>
  <system-out/>
</testsuite> <!-- module1_Login_Test.sample1 -->
