<?xml version="1.0" encoding="UTF-8"?>
<!-- Generated by org.testng.reporters.JUnitReportReporter -->
<testsuite hostname="DESKTOP-EMG4JNJ" failures="0" tests="1" name="module1_Login_Test.sample1" time="13.531" errors="0" timestamp="2022-07-22T16:09:25 IST" skipped="0">
  <testcase classname="module1_Login_Test.sample1" name="openAmazon" time="13.531"/>
  <system-out/>
</testsuite> <!-- module1_Login_Test.sample1 -->
